<?xml version="1.0" encoding="UTF-8"?>
<!-- Generated by org.testng.reporters.JUnitXMLReporter -->
<testsuite ignored="0" hostname="DESKTOP-820RNO9" failures="1" tests="1" name="Test(failed)(failed)" time="31.594" errors="0" timestamp="2023-12-09T16:13:46 IST">
  <testcase classname="testCases.TC03_LoginDDT" name="test_LoginDDT" time="15.899">
    <failure type="java.lang.AssertionError" message="expected [true] but found [false]">
      <![CDATA[java.lang.AssertionError: expected [true] but found [false]
at testCases.TC03_LoginDDT.test_LoginDDT(TC03_LoginDDT.java:39)
at java.base/java.util.ArrayList.forEach(ArrayList.java:1511)
... Removed 29 stack frames]]>
    </failure>
  </testcase> <!-- test_LoginDDT -->
</testsuite> <!-- Test(failed)(failed) -->
