<?xml version="1.0" encoding="UTF-8"?>
<!-- Generated by org.testng.reporters.JUnitXMLReporter -->
<testsuite ignored="0" hostname="DESKTOP-820RNO9" failures="2" tests="7" name="Test" time="117.689" errors="0" timestamp="2023-12-09T16:26:43 IST">
  <testcase classname="testCases.TC03_LoginDDT" name="test_LoginDDT" time="12.819"/>
  <testcase classname="testCases.TC03_LoginDDT" name="test_LoginDDT" time="11.946">
    <failure type="java.lang.AssertionError" message="expected [true] but found [false]">
      <![CDATA[java.lang.AssertionError: expected [true] but found [false]
at testCases.TC03_LoginDDT.test_LoginDDT(TC03_LoginDDT.java:39)
at java.base/java.util.ArrayList.forEach(ArrayList.java:1511)
... Removed 33 stack frames]]>
    </failure>
  </testcase> <!-- test_LoginDDT -->
  <testcase classname="testCases.TC03_LoginDDT" name="test_LoginDDT" time="11.771"/>
  <testcase classname="testCases.TC03_LoginDDT" name="test_LoginDDT" time="12.094"/>
  <testcase classname="testCases.TC03_LoginDDT" name="test_LoginDDT" time="11.129">
    <failure type="java.lang.AssertionError" message="expected [true] but found [false]">
      <![CDATA[java.lang.AssertionError: expected [true] but found [false]
at testCases.TC03_LoginDDT.test_LoginDDT(TC03_LoginDDT.java:39)
at java.base/java.util.ArrayList.forEach(ArrayList.java:1511)
... Removed 33 stack frames]]>
    </failure>
  </testcase> <!-- test_LoginDDT -->
  <testcase classname="testCases.TC02_LoginTest" name="test_Login" time="1.462"/>
  <testcase classname="testCases.TC01_AccountRegister" name="testaccountregistration" time="2.508"/>
</testsuite> <!-- Test -->
