<?xml version="1.0" encoding="UTF-8"?>
<!-- Generated by org.testng.reporters.JUnitXMLReporter -->
<testsuite ignored="0" hostname="DESKTOP-820RNO9" failures="1" tests="5" name="Test(failed)" time="87.964" errors="0" timestamp="2023-12-09T16:08:19 IST">
  <testcase classname="testCases.TC03_LoginDDT" name="test_LoginDDT" time="12.697"/>
  <testcase classname="testCases.TC03_LoginDDT" name="test_LoginDDT" time="11.9">
    <failure type="java.lang.AssertionError" message="expected [true] but found [false]">
      <![CDATA[java.lang.AssertionError: expected [true] but found [false]
at testCases.TC03_LoginDDT.test_LoginDDT(TC03_LoginDDT.java:39)
at java.base/java.util.ArrayList.forEach(ArrayList.java:1511)
... Removed 29 stack frames]]>
    </failure>
  </testcase> <!-- test_LoginDDT -->
  <testcase classname="testCases.TC03_LoginDDT" name="test_LoginDDT" time="11.237"/>
  <testcase classname="testCases.TC03_LoginDDT" name="test_LoginDDT" time="11.75"/>
  <testcase classname="testCases.TC03_LoginDDT" name="test_LoginDDT" time="11.483"/>
</testsuite> <!-- Test(failed) -->
